Method: GET, URL: /contact/, Timestamp: 1700934177.2622645, Status Code: 200, Response Timestamp: 1700934177.2773092, Total Time Taken: 0.015045 seconds
Method: GET, URL: /favicon.ico, Timestamp: 1700934191.2965357, Status Code: 404, Response Timestamp: 1700934191.3060472, Total Time Taken: 0.009511 seconds
Method: GET, URL: /about/, Timestamp: 1700934205.0783756, Status Code: 200, Response Timestamp: 1700934205.083376, Total Time Taken: 0.005000 seconds
Method: GET, URL: /about/, Timestamp: 1700934218.5186472, Status Code: 200, Response Timestamp: 1700934218.5216165, Total Time Taken: 0.002969 seconds
Method: GET, URL: /favicon.ico, Timestamp: 1700934220.266676, Status Code: 404, Response Timestamp: 1700934220.2726665, Total Time Taken: 0.005991 seconds
Method: GET, URL: /about/, Timestamp: 1700934231.395895, Status Code: 200, Response Timestamp: 1700934231.3979342, Total Time Taken: 0.002039 seconds
Method: GET, URL: /contact/, Timestamp: 1700934245.989237, Status Code: 200, Response Timestamp: 1700934245.991018, Total Time Taken: 0.001781 seconds
Method: GET, URL: /contact/images/logo-2.png, Timestamp: 1700934247.351287, Status Code: 404, Response Timestamp: 1700934247.366214, Total Time Taken: 0.014927 seconds
Method: GET, URL: /contact/images/logo-2.png, Timestamp: 1700934247.37564, Status Code: 404, Response Timestamp: 1700934247.3806345, Total Time Taken: 0.004995 seconds
Method: GET, URL: /contact/images/logo-2.png, Timestamp: 1700934247.3928015, Status Code: 404, Response Timestamp: 1700934247.397798, Total Time Taken: 0.004997 seconds
Method: GET, URL: /contact/images/logo-2.png, Timestamp: 1700934247.4087489, Status Code: 404, Response Timestamp: 1700934247.4147453, Total Time Taken: 0.005996 seconds
Method: GET, URL: /contact/images/logo-2.png, Timestamp: 1700934247.4257715, Status Code: 404, Response Timestamp: 1700934247.4317677, Total Time Taken: 0.005996 seconds
Method: GET, URL: /contact/images/logo-2.png, Timestamp: 1700934247.4431114, Status Code: 404, Response Timestamp: 1700934247.4480972, Total Time Taken: 0.004986 seconds
Method: GET, URL: /contact/images/logo-2.png, Timestamp: 1700934247.458771, Status Code: 404, Response Timestamp: 1700934247.4647691, Total Time Taken: 0.005998 seconds
Method: GET, URL: /contact/images/logo-2.png, Timestamp: 1700934247.4771404, Status Code: 404, Response Timestamp: 1700934247.4821427, Total Time Taken: 0.005002 seconds
Method: GET, URL: /contact/images/logo-2.png, Timestamp: 1700934247.4931035, Status Code: 404, Response Timestamp: 1700934247.4980946, Total Time Taken: 0.004991 seconds
Method: GET, URL: /contact/images/logo-2.png, Timestamp: 1700934247.508793, Status Code: 404, Response Timestamp: 1700934247.5147848, Total Time Taken: 0.005992 seconds
Method: GET, URL: /contact/images/logo-2.png, Timestamp: 1700934247.5251832, Status Code: 404, Response Timestamp: 1700934247.5301778, Total Time Taken: 0.004995 seconds
Method: GET, URL: /contact/images/logo-2.png, Timestamp: 1700934247.5421436, Status Code: 404, Response Timestamp: 1700934247.5481324, Total Time Taken: 0.005989 seconds
Method: POST, URL: /contact/, Timestamp: 1700934255.9679575, Status Code: 302, Response Timestamp: 1700934255.9759877, Total Time Taken: 0.008030 seconds
Method: GET, URL: /, Timestamp: 1700934255.979989, Status Code: 200, Response Timestamp: 1700934255.9819872, Total Time Taken: 0.001998 seconds
Method: GET, URL: /, Timestamp: 1700934290.0181093, Status Code: 200, Response Timestamp: 1700934290.0321026, Total Time Taken: 0.013993 seconds
Method: GET, URL: /images/all-icon/man.png, Timestamp: 1700934290.2592955, Status Code: 200, Response Timestamp: 1700934290.2612927, Total Time Taken: 0.001997 seconds
Method: GET, URL: /images/all-icon/expert.png, Timestamp: 1700934290.2622952, Status Code: 200, Response Timestamp: 1700934290.2632952, Total Time Taken: 0.001000 seconds
Method: GET, URL: /images/all-icon/book.png, Timestamp: 1700934290.2612927, Status Code: 200, Response Timestamp: 1700934290.2632952, Total Time Taken: 0.002002 seconds
Method: GET, URL: /images/category/ctg-1.jpg, Timestamp: 1700934290.2622952, Status Code: 200, Response Timestamp: 1700934290.2632952, Total Time Taken: 0.001000 seconds
Method: GET, URL: /images/course/teacher/t-1.jpg, Timestamp: 1700934290.3000925, Status Code: 200, Response Timestamp: 1700934290.3010943, Total Time Taken: 0.001002 seconds
Method: GET, URL: /images/course/cu-1.jpg, Timestamp: 1700934290.2990558, Status Code: 200, Response Timestamp: 1700934290.3010943, Total Time Taken: 0.002038 seconds
Method: GET, URL: /images/course/cu-2.jpg, Timestamp: 1700934290.3040943, Status Code: 200, Response Timestamp: 1700934290.3050942, Total Time Taken: 0.001000 seconds
Method: GET, URL: /images/course/teacher/t-2.jpg, Timestamp: 1700934290.3040943, Status Code: 200, Response Timestamp: 1700934290.3050942, Total Time Taken: 0.001000 seconds
Method: GET, URL: /images/course/cu-3.jpg, Timestamp: 1700934290.3071027, Status Code: 200, Response Timestamp: 1700934290.3090944, Total Time Taken: 0.001992 seconds
Method: GET, URL: /images/course/teacher/t-3.jpg, Timestamp: 1700934290.3080986, Status Code: 200, Response Timestamp: 1700934290.3090944, Total Time Taken: 0.000996 seconds
Method: GET, URL: /images/course/cu-4.jpg, Timestamp: 1700934290.3110948, Status Code: 200, Response Timestamp: 1700934290.3120954, Total Time Taken: 0.001001 seconds
Method: GET, URL: /images/course/teacher/t-4.jpg, Timestamp: 1700934290.3130963, Status Code: 200, Response Timestamp: 1700934290.3130963, Total Time Taken: 0.000000 seconds
Method: GET, URL: /images/course/cu-5.jpg, Timestamp: 1700934290.315096, Status Code: 200, Response Timestamp: 1700934290.3160937, Total Time Taken: 0.000998 seconds
Method: GET, URL: /images/course/teacher/t-5.jpg, Timestamp: 1700934290.315096, Status Code: 200, Response Timestamp: 1700934290.3160937, Total Time Taken: 0.000998 seconds
Method: GET, URL: /images/teachers/teacher-2/tc-1.jpg, Timestamp: 1700934290.317096, Status Code: 200, Response Timestamp: 1700934290.3180947, Total Time Taken: 0.000999 seconds
Method: GET, URL: /images/teachers/teacher-2/tc-2.jpg, Timestamp: 1700934290.317096, Status Code: 200, Response Timestamp: 1700934290.3180947, Total Time Taken: 0.000999 seconds
Method: GET, URL: /images/teachers/teacher-2/quote.png, Timestamp: 1700934290.3220954, Status Code: 200, Response Timestamp: 1700934290.324098, Total Time Taken: 0.002003 seconds
Method: GET, URL: /images/teachers/teacher-2/happy.png, Timestamp: 1700934290.3230977, Status Code: 200, Response Timestamp: 1700934290.3250961, Total Time Taken: 0.001998 seconds
Method: GET, URL: /images/news/n-1.jpg, Timestamp: 1700934290.3280942, Status Code: 200, Response Timestamp: 1700934290.3290968, Total Time Taken: 0.001003 seconds
Method: GET, URL: /images/news/ns-1.jpg, Timestamp: 1700934290.3290968, Status Code: 200, Response Timestamp: 1700934290.3300936, Total Time Taken: 0.000997 seconds
Method: GET, URL: /images/news/ns-2.jpg, Timestamp: 1700934290.3310943, Status Code: 200, Response Timestamp: 1700934290.3331056, Total Time Taken: 0.002011 seconds
Method: GET, URL: /images/news/ns-3.jpg, Timestamp: 1700934290.3320932, Status Code: 200, Response Timestamp: 1700934290.3331056, Total Time Taken: 0.001012 seconds
Method: GET, URL: /images/patnar-logo/p-1.png, Timestamp: 1700934290.3350925, Status Code: 200, Response Timestamp: 1700934290.3350925, Total Time Taken: 0.000000 seconds
Method: GET, URL: /images/patnar-logo/p-2.png, Timestamp: 1700934290.3380938, Status Code: 200, Response Timestamp: 1700934290.3390946, Total Time Taken: 0.001001 seconds
Method: GET, URL: /images/patnar-logo/p-3.png, Timestamp: 1700934290.3380938, Status Code: 200, Response Timestamp: 1700934290.3400955, Total Time Taken: 0.002002 seconds
Method: GET, URL: /images/patnar-logo/p-4.png, Timestamp: 1700934290.3390946, Status Code: 200, Response Timestamp: 1700934290.3400955, Total Time Taken: 0.001001 seconds
Method: GET, URL: /images/slider/s-3.jpg, Timestamp: 1700934290.5281444, Status Code: 200, Response Timestamp: 1700934290.5301352, Total Time Taken: 0.001991 seconds
Method: GET, URL: /images/bg-3.jpg, Timestamp: 1700934290.5301352, Status Code: 200, Response Timestamp: 1700934290.5301352, Total Time Taken: 0.000000 seconds
Method: GET, URL: /images/bg-2.jpg, Timestamp: 1700934290.5291338, Status Code: 200, Response Timestamp: 1700934290.531134, Total Time Taken: 0.002000 seconds
Method: GET, URL: /favicon.ico, Timestamp: 1700934292.1965382, Status Code: 404, Response Timestamp: 1700934292.2050495, Total Time Taken: 0.008511 seconds
Method: GET, URL: /classes/, Timestamp: 1700934296.0228567, Status Code: 200, Response Timestamp: 1700934296.0348604, Total Time Taken: 0.012004 seconds
Method: GET, URL: /classes/images/logo-2.png, Timestamp: 1700934308.0334373, Status Code: 404, Response Timestamp: 1700934308.03842, Total Time Taken: 0.004983 seconds
Method: GET, URL: /classes/images/logo-2.png, Timestamp: 1700934308.049407, Status Code: 404, Response Timestamp: 1700934308.054403, Total Time Taken: 0.004996 seconds
Method: GET, URL: /classes/images/logo-2.png, Timestamp: 1700934308.0674257, Status Code: 404, Response Timestamp: 1700934308.0724237, Total Time Taken: 0.004998 seconds
Method: GET, URL: /classes/images/logo-2.png, Timestamp: 1700934308.0837417, Status Code: 404, Response Timestamp: 1700934308.0897868, Total Time Taken: 0.006045 seconds
Method: GET, URL: /classes/images/logo-2.png, Timestamp: 1700934308.1014783, Status Code: 404, Response Timestamp: 1700934308.1074777, Total Time Taken: 0.005999 seconds
Method: GET, URL: /classes/images/logo-2.png, Timestamp: 1700934308.1170857, Status Code: 404, Response Timestamp: 1700934308.122089, Total Time Taken: 0.005003 seconds
Method: GET, URL: /classes/images/logo-2.png, Timestamp: 1700934308.1337538, Status Code: 404, Response Timestamp: 1700934308.1387475, Total Time Taken: 0.004994 seconds
Method: GET, URL: /classes/images/logo-2.png, Timestamp: 1700934308.150489, Status Code: 404, Response Timestamp: 1700934308.156031, Total Time Taken: 0.005542 seconds
Method: GET, URL: /classes/images/logo-2.png, Timestamp: 1700934308.1685736, Status Code: 404, Response Timestamp: 1700934308.1735704, Total Time Taken: 0.004997 seconds
Method: GET, URL: /classes/images/logo-2.png, Timestamp: 1700934308.1837883, Status Code: 404, Response Timestamp: 1700934308.18901, Total Time Taken: 0.005222 seconds
Method: GET, URL: /classes/images/logo.png, Timestamp: 1700934308.201328, Status Code: 404, Response Timestamp: 1700934308.2063298, Total Time Taken: 0.005002 seconds
Method: GET, URL: /classes/images/logo.png, Timestamp: 1700934308.217079, Status Code: 404, Response Timestamp: 1700934308.2241101, Total Time Taken: 0.007031 seconds
Method: GET, URL: /classes/images/logo.png, Timestamp: 1700934308.2347836, Status Code: 404, Response Timestamp: 1700934308.2408152, Total Time Taken: 0.006032 seconds
Method: GET, URL: /classes/images/logo.png, Timestamp: 1700934308.2505481, Status Code: 404, Response Timestamp: 1700934308.2555263, Total Time Taken: 0.004978 seconds
Method: GET, URL: /classes/java/, Timestamp: 1700934309.3364303, Status Code: 200, Response Timestamp: 1700934309.3504286, Total Time Taken: 0.013998 seconds
Method: GET, URL: /classes/java/images/page-banner-2.jpg, Timestamp: 1700934309.3844304, Status Code: 404, Response Timestamp: 1700934309.3894277, Total Time Taken: 0.004997 seconds
Method: GET, URL: /, Timestamp: 1700934779.2862504, Status Code: 200, Response Timestamp: 1700934779.300257, Total Time Taken: 0.014007 seconds
Method: GET, URL: /, Timestamp: 1700934780.825906, Status Code: 200, Response Timestamp: 1700934780.8279169, Total Time Taken: 0.002011 seconds
Method: GET, URL: /about/, Timestamp: 1700935487.3345494, Status Code: 200, Response Timestamp: 1700935487.3515484, Total Time Taken: 0.016999 seconds
Method: GET, URL: /login/, Timestamp: 1700935489.1543176, Status Code: 200, Response Timestamp: 1700935489.164316, Total Time Taken: 0.009998 seconds
Method: POST, URL: /login/, Timestamp: 1700935492.857447, Status Code: 302, Response Timestamp: 1700935493.7149937, Total Time Taken: 0.857547 seconds
Method: GET, URL: /, Timestamp: 1700935493.7227032, Status Code: 200, Response Timestamp: 1700935493.7247005, Total Time Taken: 0.001997 seconds
Method: GET, URL: /, Timestamp: 1700935710.2941701, Status Code: 200, Response Timestamp: 1700935710.3091877, Total Time Taken: 0.015018 seconds
Method: GET, URL: /about/, Timestamp: 1700935738.4442892, Status Code: 200, Response Timestamp: 1700935738.4612887, Total Time Taken: 0.016999 seconds
Method: GET, URL: /, Timestamp: 1700935774.5610454, Status Code: 200, Response Timestamp: 1700935774.564046, Total Time Taken: 0.003000 seconds
Error in logging request-response: Error in constructing log message: 'NoneType' object has no attribute 'status_code'
